This is pdfTeX, Version 3.141592653-2.6-1.40.24 (TeX Live 2022) (preloaded format=pdflatex 2022.4.5)  24 APR 2022 11:21
entering extended mode
 restricted \write18 enabled.
 %&-line parsing enabled.
**"C:/Users/thomsonsj/AECOM/ge_dev - Documents/apps/ge_node/ge_modules/latex_fi
les/2022/04/24/484579/sample1_latex.tex"

(c:/Users/thomsonsj/AECOM/ge_dev - Documents/apps/ge_node/ge_modules/latex_file
s/2022/04/24/484579/sample1_latex.tex
LaTeX2e <2021-11-15> patch level 1
L3 programming layer <2022-02-24>
(c:/texlive/2022/texmf-dist/tex/latex/base/article.cls
Document Class: article 2021/10/04 v1.4n Standard LaTeX document class
(c:/texlive/2022/texmf-dist/tex/latex/base/size12.clo
File: size12.clo 2021/10/04 v1.4n Standard LaTeX file (size option)
)
\c@part=\count185
\c@section=\count186
\c@subsection=\count187
\c@subsubsection=\count188
\c@paragraph=\count189
\c@subparagraph=\count190
\c@figure=\count191
\c@table=\count192
\abovecaptionskip=\skip47
\belowcaptionskip=\skip48
\bibindent=\dimen138
)
(c:/texlive/2022/texmf-dist/tex/latex/tree-dvips/lingmacros.sty
\c@enums=\count193
\widelabel=\dimen139
\c@tempcnt=\count194
\c@enumsi=\count195
\eeindent=\dimen140
)
(c:/texlive/2022/texmf-dist/tex/latex/tree-dvips/tree-dvips.sty
tree-dvips version .91 of May 16, 1995
\nodemargin=\dimen141
\treelinewidth=\dimen142
\dashlength=\dimen143
\arrowwidth=\dimen144
\arrowlength=\dimen145
\arrowinset=\dimen146
\pos@t=\toks16
\pos@b=\toks17
\pos@l=\toks18
\pos@r=\toks19
\pos@tl=\toks20
\pos@tr=\toks21
\pos@bl=\toks22
\pos@br=\toks23
\@arrow=\count196
\@tempdimc=\dimen147
) (c:/texlive/2022/texmf-dist/tex/latex/l3backend/l3backend-pdftex.def
File: l3backend-pdftex.def 2022-02-07 L3 backend support: PDF output (pdfTeX)
\l__color_backend_stack_int=\count197
\l__pdf_internal_box=\box50
)
No file sample1_latex.aux.
\openout1 = `sample1_latex.aux'.

LaTeX Font Info:    Checking defaults for OML/cmm/m/it on input line 4.
LaTeX Font Info:    ... okay on input line 4.
LaTeX Font Info:    Checking defaults for OMS/cmsy/m/n on input line 4.
LaTeX Font Info:    ... okay on input line 4.
LaTeX Font Info:    Checking defaults for OT1/cmr/m/n on input line 4.
LaTeX Font Info:    ... okay on input line 4.
LaTeX Font Info:    Checking defaults for T1/cmr/m/n on input line 4.
LaTeX Font Info:    ... okay on input line 4.
LaTeX Font Info:    Checking defaults for TS1/cmr/m/n on input line 4.
LaTeX Font Info:    ... okay on input line 4.
LaTeX Font Info:    Checking defaults for OMX/cmex/m/n on input line 4.
LaTeX Font Info:    ... okay on input line 4.
LaTeX Font Info:    Checking defaults for U/cmr/m/n on input line 4.
LaTeX Font Info:    ... okay on input line 4.
LaTeX Font Info:    External font `cmex10' loaded for size
(Font)              <10.95> on input line 17.
LaTeX Font Info:    External font `cmex10' loaded for size
(Font)              <8> on input line 17.
LaTeX Font Info:    External font `cmex10' loaded for size
(Font)              <6> on input line 17.
[1


Non-PDF special ignored!
<special> header=tree-dvips91.pro
{c:/texlive/2022/texmf-var/fonts/map/pdftex/updmap/pdftex.map}
Non-PDF special ignored!
<special> ps:@beginspec/nodemargin 2.0 pt def 0.3 pt setlinewidth [] 0 setd...
Non-PDF special ignored!
<special> ps:@beginspec/nodemargin 2.0 pt def 0.3 pt setlinewidth [] 0 setd...
Non-PDF special ignored!
<special> ps:@beginspec/nodemargin 2.0 pt def 0.3 pt setlinewidth [] 0 setd...
Non-PDF special ignored!
<special> ps:@beginspec/nodemargin 2.0 pt def 0.3 pt setlinewidth [] 0 setd...
Non-PDF special ignored!
<special> ps:@beginspec/nodemargin 2.0 pt def 0.3 pt setlinewidth [] 0 setd...
Non-PDF special ignored!
<special> ps:@beginspec/nodemargin 2.0 pt def 0.3 pt setlinewidth [] 0 setd...
Non-PDF special ignored!
<special> ps:@beginspec/nodemargin 2.0 pt def 0.3 pt setlinewidth [] 0 setd...
Non-PDF special ignored!
<special> ps:@beginspec/nodemargin 2.0 pt def 0.3 pt setlinewidth [] 0 setd...
Non-PDF special ignored!
<special> ps:@beginspec/nodemargin 2.0 pt def 0.3 pt setlinewidth [] 0 setd...
]
(C:\Users\thomsonsj\AECOM\ge_dev - Documents\apps\ge_node\ge_modules\latex_file
s\2022\04\24\484579/sample1_latex.aux) ) 
Here is how much of TeX's memory you used:
 574 strings out of 478268
 11013 string characters out of 5850346
 305227 words of memory out of 5000000
 18844 multiletter control sequences out of 15000+600000
 474463 words of font info for 45 fonts, out of 8000000 for 9000
 1141 hyphenation exceptions out of 8191
 33i,9n,38p,253b,272s stack positions out of 10000i,1000n,20000p,200000b,200000s
<c:/texlive/2022/texmf-dist/fonts/type1
/public/amsfonts/cm/cmbx10.pfb><c:/texlive/2022/texmf-dist/fonts/type1/public/a
msfonts/cm/cmbx12.pfb><c:/texlive/2022/texmf-dist/fonts/type1/public/amsfonts/c
m/cmcsc10.pfb><c:/texlive/2022/texmf-dist/fonts/type1/public/amsfonts/cm/cmmi8.
pfb><c:/texlive/2022/texmf-dist/fonts/type1/public/amsfonts/cm/cmr10.pfb><c:/te
xlive/2022/texmf-dist/fonts/type1/public/amsfonts/cm/cmr12.pfb><c:/texlive/2022
/texmf-dist/fonts/type1/public/amsfonts/cm/cmsy8.pfb><c:/texlive/2022/texmf-dis
t/fonts/type1/public/amsfonts/cm/cmti12.pfb>
Output written on "C:\Users\thomsonsj\AECOM\ge_dev - Documents\apps\ge_node\ge_
modules\latex_files\2022\04\24\484579/sample1_latex.pdf" (1 page, 91472 bytes).

PDF statistics:
 48 PDF objects out of 1000 (max. 8388607)
 28 compressed objects within 1 object stream
 0 named destinations out of 1000 (max. 500000)
 1 words of extra memory for PDF output out of 10000 (max. 10000000)

